<?xml version="1.0" encoding="UTF-8"?>
<!-- Generated by org.testng.reporters.JUnitXMLReporter -->
<testsuite ignored="2" hostname="Vaishnavi6" failures="0" tests="2" name="Test" time="21.126" errors="0" timestamp="2025-03-22T19:45:24 IST">
  <testcase classname="maven.maven.groupspriority" name="searchmobile" time="4.957"/>
  <testcase classname="maven.maven.groupspriority" name="jeans" time="4.434"/>
  <testcase classname="maven.maven.groupspriority" name="powerbank" time="0.0">
    <ignored/>
  </testcase> <!-- powerbank -->
  <testcase classname="maven.maven.groupspriority" name="searchshoes" time="0.0">
    <ignored/>
  </testcase> <!-- searchshoes -->
</testsuite> <!-- Test -->
